<?xml version="1.0" encoding="UTF-8"?>
<!-- Generated by org.testng.reporters.JUnitReportReporter -->
<testsuite hostname="LAPTOP-NNEH4MU1" failures="0" tests="2" name="api_test.posts.PostEndPointNOTSUCESSTests" time="4.593" errors="0" timestamp="18 Mar 2021 02:18:37 GMT" skipped="0">
  <testcase classname="api_test.posts.PostEndPointNOTSUCESSTests" name="Test_Creat_Post_NOTSuccessToken" time="2.766"/>
  <testcase classname="api_test.posts.PostEndPointNOTSUCESSTests" name="Test_Search_Post_NOID" time="1.827"/>
</testsuite> <!-- api_test.posts.PostEndPointNOTSUCESSTests -->
