<?xml version="1.0" encoding="UTF-8"?>
<!-- Generated by org.testng.reporters.JUnitReportReporter -->
<testsuite hostname="LAPTOP-NNEH4MU1" failures="0" tests="5" name="api_test.posts.PostEndPointTests" time="20.435" errors="0" timestamp="19 Mar 2021 00:17:34 GMT" skipped="0">
  <testcase classname="api_test.posts.PostEndPointTests" name="Test_Create_Post_Success" time="9.258"/>
  <testcase classname="api_test.posts.PostEndPointTests" name="Test_Get_all_Post" time="3.587"/>
  <testcase classname="api_test.posts.PostEndPointTests" name="Test_Search_Post_ID" time="2.589"/>
  <testcase classname="api_test.posts.PostEndPointTests" name="Test_Modify_Post_by_ID" time="2.470"/>
  <testcase classname="api_test.posts.PostEndPointTests" name="Test_Delete_Post_by_ID" time="2.531"/>
</testsuite> <!-- api_test.posts.PostEndPointTests -->
