<?xml version="1.0" encoding="UTF-8"?>
<!-- Generated by org.testng.reporters.JUnitReportReporter -->
<testsuite hostname="LAPTOP-NNEH4MU1" failures="0" tests="2" name="api_test.posts.PostEndPointNOTSUCESSTests" time="9.426" errors="0" timestamp="19 Mar 2021 00:17:34 GMT" skipped="0">
  <testcase classname="api_test.posts.PostEndPointNOTSUCESSTests" name="Test_Creat_Post_NOTSuccessToken" time="5.527"/>
  <testcase classname="api_test.posts.PostEndPointNOTSUCESSTests" name="Test_Search_Post_NOID" time="3.899"/>
</testsuite> <!-- api_test.posts.PostEndPointNOTSUCESSTests -->
